\BOOKMARK [0][-]{chapter.1}{\376\377\122\115\212\000}{}% 1
\BOOKMARK [1][-]{section.1.1}{\376\377\170\024\172\166\200\314\146\157}{chapter.1}% 2
\BOOKMARK [1][-]{section.1.2}{\376\377\170\024\172\166\166\356\166\204}{chapter.1}% 3
\BOOKMARK [1][-]{section.1.3}{\376\377\213\272\145\207\121\205\133\271\133\211\143\222}{chapter.1}% 4
\BOOKMARK [0][-]{chapter.2}{\376\377\116\055\137\256\133\120\162\151\164\006}{}% 5
\BOOKMARK [1][-]{section.2.1}{\376\377\116\055\137\256\133\120\166\204\123\321\163\260\123\206\172\013}{chapter.2}% 6
\BOOKMARK [1][-]{section.2.2}{\376\377\116\055\137\256\133\120\143\057\203\141}{chapter.2}% 7
\BOOKMARK [1][-]{section.2.3}{\376\377\116\055\137\256\133\120\215\050\221\317}{chapter.2}% 8
\BOOKMARK [1][-]{section.2.4}{\376\377\123\314\215\035\130\124\210\160\123\330}{chapter.2}% 9
\BOOKMARK [2][-]{subsection.2.4.1}{\376\377\0002}{section.2.4}% 10
\BOOKMARK [2][-]{subsection.2.4.2}{\376\377\0000}{section.2.4}% 11
\BOOKMARK [1][-]{section.2.5}{\376\377\0000\133\236\232\214}{chapter.2}% 12
\BOOKMARK [0][-]{chapter.3}{\376\377\155\361\136\246\133\146\116\140\116\345\123\312\121\166\116\015\170\156\133\232\140\047\221\317\123\026\173\200\116\313}{}% 13
\BOOKMARK [1][-]{section.3.1}{\376\377\171\136\176\317\177\121\176\334\127\372\170\100\147\266\147\204\173\200\116\313}{chapter.3}% 14
\BOOKMARK [1][-]{section.3.2}{\376\377\000T\000r\000a\000n\000s\000f\000o\000r\000m\000e\000r}{chapter.3}% 15
\BOOKMARK [2][-]{subsection.3.2.1}{\376\377\154\350\141\017\122\233\147\072\122\066}{section.3.2}% 16
\BOOKMARK [1][-]{section.3.3}{\376\377\155\361\136\246\133\146\116\140\116\055\166\204\116\015\170\156\133\232\140\047\122\006\147\220}{chapter.3}% 17
\BOOKMARK [2][-]{subsection.3.3.1}{\376\377\000B\000N\000N}{section.3.3}% 18
\BOOKMARK [2][-]{subsection.3.3.2}{\376\377\000M\000C\000\040\000D\000r\000o\000p\000o\000u\000t}{section.3.3}% 19
\BOOKMARK [2][-]{subsection.3.3.3}{\376\377\155\361\136\246\226\306\142\020}{section.3.3}% 20
\BOOKMARK [1][-]{section.3.4}{\376\377\147\054\172\340\134\017\176\323}{chapter.3}% 21
\BOOKMARK [0][-]{chapter.4}{\376\377\000S\000N\000O\000+\133\236\232\214}{}% 22
\BOOKMARK [1][-]{section.4.1}{\376\377\162\151\164\006\166\356\150\007}{chapter.4}% 23
\BOOKMARK [1][-]{section.4.2}{\376\377\000S\000N\000O\000+\133\236\232\214\210\305\177\156}{chapter.4}% 24
\BOOKMARK [1][-]{section.4.3}{\376\377\000S\000N\000O\000+\133\236\232\214\116\055\166\204\200\314\146\157\116\213\116\366}{chapter.4}% 25
\BOOKMARK [1][-]{section.4.4}{\376\377\134\017\176\323}{chapter.4}% 26
\BOOKMARK [0][-]{chapter.5}{\376\377\000S\000N\000O\000+\133\236\232\214\166\204\117\115\177\156\221\315\136\372\116\345\123\312\000U\000Q}{}% 27
\BOOKMARK [1][-]{section.5.1}{\376\377\000S\000N\000O\000+\143\242\155\113\126\150\116\055\117\040\176\337\166\204\117\115\177\156\221\315\136\372\145\271\154\325}{chapter.5}% 28
\BOOKMARK [1][-]{section.5.2}{\376\377\155\361\136\246\133\146\116\140\127\050\000S\000N\000O\000+\143\242\155\113\126\150\116\055\166\204\117\115\177\156\221\315\136\372\145\271\154\325}{chapter.5}% 29
\BOOKMARK [1][-]{section.5.3}{\376\377\145\160\143\156\226\306}{chapter.5}% 30
\BOOKMARK [1][-]{section.5.4}{\376\377\117\115\177\156\221\315\136\372\152\041\127\213\147\266\147\204}{chapter.5}% 31
\BOOKMARK [2][-]{subsection.5.4.1}{\376\377\217\223\121\145\116\016\135\114\121\145}{section.5.4}% 32
\BOOKMARK [2][-]{subsection.5.4.2}{\376\377\000T\000r\000a\000n\000s\000f\000o\000r\000m\000e\000r\177\026\170\001\126\150}{section.5.4}% 33
\BOOKMARK [2][-]{subsection.5.4.3}{\376\377\217\223\121\372\134\102\116\016\143\137\131\061\121\375\145\160}{section.5.4}% 34
\BOOKMARK [2][-]{subsection.5.4.4}{\376\377\152\041\127\213\213\255\176\303}{section.5.4}% 35
\BOOKMARK [1][-]{section.5.5}{\376\377\155\361\136\246\133\146\116\140\117\115\177\156\221\315\136\372\176\323\147\234}{chapter.5}% 36
\BOOKMARK [1][-]{section.5.6}{\376\377\117\115\177\156\221\315\136\372\116\015\170\156\133\232\140\047\166\204\221\317\123\026}{chapter.5}% 37
\BOOKMARK [2][-]{subsection.5.6.1}{\376\377\174\222\133\120\162\151\164\006\133\236\232\214\116\055\116\015\170\156\133\232\140\047\166\204\117\060\213\241}{section.5.6}% 38
\BOOKMARK [2][-]{subsection.5.6.2}{\376\377\127\050\155\361\136\246\133\146\116\140\116\055\221\317\123\026\116\015\170\156\133\232\140\047\166\204\145\271\154\325}{section.5.6}% 39
\BOOKMARK [2][-]{subsection.5.6.3}{\376\377\116\015\170\156\133\232\140\047\221\317\123\026\176\323\147\234}{section.5.6}% 40
\BOOKMARK [0][-]{chapter.6}{\376\377\140\073\176\323\116\016\134\125\147\033}{}% 41
\BOOKMARK [1][-]{section.6.1}{\376\377\140\073\176\323}{chapter.6}% 42
\BOOKMARK [1][-]{section.6.2}{\376\377\134\125\147\033}{chapter.6}% 43
\BOOKMARK [0][-]{chapter*.17}{\376\377\123\302\200\003\145\207\163\056}{}% 44
\BOOKMARK [0][-]{section*.18}{\376\377\201\364\000\040\214\042}{}% 45
\BOOKMARK [0][-]{appendix.A}{\376\377\154\140\123\026}{}% 46
\BOOKMARK [1][-]{section.A.1}{\376\377\152\041\127\213\116\055\166\204\154\140\123\026\136\224\165\050\377\032\136\046\143\251\170\001\166\204\136\163\127\107\154\140\123\026}{appendix.A}% 47
\BOOKMARK [2][-]{subsection.A.1.1}{\376\377\121\167\117\123\133\236\163\260}{section.A.1}% 48
\BOOKMARK [0][-]{appendix.B}{\376\377\134\102\137\122\116\000\123\026}{}% 49
\BOOKMARK [1][-]{subsection.B.0.1}{\376\377\134\102\137\122\116\000\123\026\123\237\164\006}{appendix.B}% 50
\BOOKMARK [2][-]{subsection.B.0.2}{\376\377\134\102\137\122\116\000\123\026\166\204\117\030\122\277}{subsection.B.0.1}% 51
\BOOKMARK [2][-]{subsection.B.0.3}{\376\377\127\050\152\041\127\213\116\055\166\204\136\224\165\050}{subsection.B.0.1}% 52
\BOOKMARK [0][-]{appendix.C}{\376\377\156\220\116\343\170\001}{}% 53
\BOOKMARK [0][-]{appendix.D}{\376\377\134\161\116\034\131\047\133\146\147\054\171\321\153\325\116\032\213\272\145\207\000\040\000\050\213\276\213\241\000\051\000\040\144\260\121\231\211\304\203\003}{}% 54
\BOOKMARK [1][-]{section.D.1}{\376\377\153\325\116\032\213\272\145\207\000\040\000\050\213\276\213\241\000\051\000\040\176\323\147\204\116\016\210\305\213\242}{appendix.D}% 55
\BOOKMARK [1][-]{section.D.2}{\376\377\153\325\116\032\213\272\145\207\000\040\000\050\213\276\213\241\000\051\000\040\116\073\211\201\121\205\133\271\123\312\211\201\154\102}{appendix.D}% 56
\BOOKMARK [2][-]{subsection.D.2.1}{\376\377\230\230\166\356}{section.D.2}% 57
\BOOKMARK [2][-]{subsection.D.2.2}{\376\377\144\130\211\201}{section.D.2}% 58
\BOOKMARK [2][-]{subsection.D.2.3}{\376\377\121\163\225\056\213\315}{section.D.2}% 59
\BOOKMARK [2][-]{subsection.D.2.4}{\376\377\166\356\137\125}{section.D.2}% 60
\BOOKMARK [2][-]{subsection.D.2.5}{\376\377\153\143\145\207}{section.D.2}% 61
\BOOKMARK [2][-]{subsection.D.2.6}{\376\377\123\302\200\003\145\207\163\056}{section.D.2}% 62
\BOOKMARK [2][-]{subsection.D.2.7}{\376\377\201\364\214\042}{section.D.2}% 63
\BOOKMARK [2][-]{subsection.D.2.8}{\376\377\226\104\137\125}{section.D.2}% 64
\BOOKMARK [2][-]{subsection.D.2.9}{\376\377\213\321\145\207}{section.D.2}% 65
\BOOKMARK [1][-]{section.D.3}{\376\377\153\325\116\032\213\272\145\207\000\040\000\050\213\276\213\241\000\051\000\040\166\204\116\146\121\231\124\214\142\123\123\160\211\304\203\003}{appendix.D}% 66
\BOOKMARK [2][-]{subsection.D.3.1}{\376\377\145\207\133\127\124\214\133\127\145\160}{section.D.3}% 67
\BOOKMARK [2][-]{subsection.D.3.2}{\376\377\230\165\227\142\213\276\177\156}{section.D.3}% 68
\BOOKMARK [2][-]{subsection.D.3.3}{\376\377\133\127\117\123\116\016\133\127\123\367}{section.D.3}% 69
\BOOKMARK [2][-]{subsection.D.3.4}{\376\377\150\007\230\230\134\102\153\041}{section.D.3}% 70
\BOOKMARK [2][-]{subsection.D.3.5}{\376\377\126\376\162\107\060\001\210\150\150\074\123\312\121\154\137\017}{section.D.3}% 71
\BOOKMARK [2][-]{subsection.D.3.6}{\376\377\221\317\124\214\123\125\117\115}{section.D.3}% 72
\BOOKMARK [2][-]{subsection.D.3.7}{\376\377\150\007\160\271\173\046\123\367\060\001\145\160\133\127}{section.D.3}% 73
\BOOKMARK [2][-]{subsection.D.3.8}{\376\377\124\015\213\315\060\001\124\015\171\360}{section.D.3}% 74
\BOOKMARK [2][-]{subsection.D.3.9}{\376\377\123\302\200\003\145\207\163\056\204\127\137\125\150\074\137\017\171\072\117\213}{section.D.3}% 75
